# callgrind format
version: 1
creator: callgrind-3.18.1
pid: 11286
cmd:  ./mdriver -f traces/binary.rep
part: 1


desc: I1 cache: 
desc: D1 cache: 
desc: LL cache: 

desc: Timerange: Basic block 0 - 24079330
desc: Trigger: Program termination

positions: line
events: Ir
summary: 63955584


ob=(5) /home/rafal/Malloc/mdriver
fl=(158) /home/rafal/Malloc/mdriver.c
fn=(542) main
cfi=(198) /home/rafal/Malloc/mm.c
cfn=(760) mm_free
calls=2000 564 
715 105983
cfi=(198)
cfn=(752) mm_malloc
calls=6000 483 
650 48256031
cfi=(198)
cfn=(760)
calls=2000 564 
795 105983
cfi=(198)
cfn=(752)
calls=4637 483 
759 15487587

fl=(151) ???
fn=(510) (below main)
cob=(3) /usr/lib/x86_64-linux-gnu/libc.so.6
cfi=(152) ./csu/../csu/libc-start.c
cfn=(512) __libc_start_main@@GLIBC_2.34
calls=1 242 
0 63955584

fl=(198)
fn=(752)
483 10637
154 21274
396 10637
+87 10637
154 10637
483 21274
154 10637
483 21274
-87 21274
+6 2637
229 5274
-68 10548
402 5274
+1 10535780
272 10535780
-43 10535778
-68 21071556
402 10535778
+6 5272
528 10636
166 10636
528 21278
+13 21268
cfi=(178) /home/rafal/Malloc/memlib.c
cfn=(748) mem_sbrk
calls=10634 55 
* 95706
* 10634
+4 10634
-3 21268
194 10634
+1 10634
549 10634
+3 10634
194 10634
+1 21268
-34 21268
+17 21268
558 42536
161 2
532 2
161 2
532 4
cfi=(178)
cfn=(748)
calls=2 55 
* 18
+1 2
264 6
+3 2
-38 2
+38 2
-38 2
+43 2
-43 2
+43 2
-78 2
+1 4
-1 2
+1 4
-34 4
+17 4
536 2
+22 8
256 2
+74 4
-9 4

fn=(760)
564 4000
+2 8000
161 4000
569 4000
161 12000
574 8000
+16 4000
178 4000
590 8000
166 3998
590 7996
195 12000
-34 8000
337 4000
161 4000
+42 4000
337 4000
-94 3998
355 3998
+1 3998
229 3998
+14 7996
-6 7996
-13 11994
+17 7996
+15 7996
-32 7996
+30 3998
-30 3998
-63 11994
+17 3998
+33 8000
+2 7998
+30 2
+95 2
+1 2
-83 2
-95 2
+95 2
-95 2
+95 2
-78 4

fl=(178)
fn=(748)
55 10636
+1 10636
+2 53180
+6 10636
+2 10636

ob=(3)
fl=(154) ./csu/../sysdeps/nptl/libc_start_call_main.h
fn=(534) (below main)
cob=(5)
cfi=(158)
cfn=(542)
calls=1 231 
58 63955584

fl=(152)
fn=(512)
cfi=(154)
cfn=(534)
calls=1 29 
392 63955584

ob=(1) /usr/lib/x86_64-linux-gnu/ld-linux-x86-64.so.2
fl=(1) ???
fn=(0) 0x0000000000020290
cob=(5)
cfi=(151)
cfn=(510)
calls=1 0 
0 63955584

totals: 63955584
